Compiling the C compiler identification source file "CMakeCCompilerId.c" failed.
Compiler: /Library/Developer/CommandLineTools/usr/bin/cc 
Build flags: 
Id flags:  

The output was:
1
ld: library not found for -lSystem
clang: error: linker command failed with exit code 1 (use -v to see invocation)


Compiling the CXX compiler identification source file "CMakeCXXCompilerId.cpp" failed.
Compiler: /Library/Developer/CommandLineTools/usr/bin/c++ 
Build flags: 
Id flags:  

The output was:
1
ld: library not found for -lc++
clang: error: linker command failed with exit code 1 (use -v to see invocation)


Determining if the prctl exist failed with the following output:
Change Dir: /Users/tommy31/Desktop/Devora/Devora-Main-Bot/cmake-build-debug/CMakeFiles/CMakeTmp

Run Build Command(s):/usr/bin/make -f Makefile cmTC_ff220/fast && /Library/Developer/CommandLineTools/usr/bin/make  -f CMakeFiles/cmTC_ff220.dir/build.make CMakeFiles/cmTC_ff220.dir/build
Building CXX object CMakeFiles/cmTC_ff220.dir/CheckSymbolExists.cxx.o
/Library/Developer/CommandLineTools/usr/bin/c++   -arch arm64 -isysroot /Library/Developer/CommandLineTools/SDKs/MacOSX12.3.sdk -MD -MT CMakeFiles/cmTC_ff220.dir/CheckSymbolExists.cxx.o -MF CMakeFiles/cmTC_ff220.dir/CheckSymbolExists.cxx.o.d -o CMakeFiles/cmTC_ff220.dir/CheckSymbolExists.cxx.o -c /Users/tommy31/Desktop/Devora/Devora-Main-Bot/cmake-build-debug/CMakeFiles/CMakeTmp/CheckSymbolExists.cxx
/Users/tommy31/Desktop/Devora/Devora-Main-Bot/cmake-build-debug/CMakeFiles/CMakeTmp/CheckSymbolExists.cxx:2:10: fatal error: 'sys/prctl.h' file not found
#include <sys/prctl.h>
         ^~~~~~~~~~~~~
1 error generated.
make[1]: *** [CMakeFiles/cmTC_ff220.dir/CheckSymbolExists.cxx.o] Error 1
make: *** [cmTC_ff220/fast] Error 2


File /Users/tommy31/Desktop/Devora/Devora-Main-Bot/cmake-build-debug/CMakeFiles/CMakeTmp/CheckSymbolExists.cxx:
/* */
#include <sys/prctl.h>

int main(int argc, char** argv)
{
  (void)argv;
#ifndef prctl
  return ((int*)(&prctl))[argc];
#else
  (void)argc;
  return 0;
#endif
}
